<?xml version="1.0" encoding="UTF-8"?>
<testng-results ignored="0" total="1" passed="1" failed="0" skipped="0">
  <reporter-output>
  </reporter-output>
  <suite started-at="2024-03-20T16:21:37 IST" name="Default suite" finished-at="2024-03-20T16:22:28 IST" duration-ms="51488">
    <groups>
    </groups>
    <test started-at="2024-03-20T16:21:37 IST" name="Default test" finished-at="2024-03-20T16:22:28 IST" duration-ms="51488">
      <class name="cvNewDocumentTest">
        <test-method is-config="true" signature="initalsetup()[pri:0, instance:cvNewDocumentTest@2af004b]" started-at="2024-03-20T16:21:37 IST" name="initalsetup" finished-at="2024-03-20T16:21:37 IST" duration-ms="22" status="PASS">
          <reporter-output>
          </reporter-output>
        </test-method> <!-- initalsetup -->
        <test-method is-config="true" signature="launchBrowser()[pri:0, instance:cvNewDocumentTest@2af004b]" started-at="2024-03-20T16:21:37 IST" name="launchBrowser" finished-at="2024-03-20T16:21:44 IST" duration-ms="7113" status="PASS">
          <reporter-output>
          </reporter-output>
        </test-method> <!-- launchBrowser -->
        <test-method signature="newUploadThroughBrowse()[pri:0, instance:cvNewDocumentTest@2af004b]" started-at="2024-03-20T16:21:44 IST" name="newUploadThroughBrowse" finished-at="2024-03-20T16:22:28 IST" duration-ms="44275" status="PASS">
          <reporter-output>
          </reporter-output>
        </test-method> <!-- newUploadThroughBrowse -->
      </class> <!-- cvNewDocumentTest -->
    </test> <!-- Default test -->
  </suite> <!-- Default suite -->
</testng-results>
