<?xml version="1.0" encoding="UTF-8"?>
<testng-results ignored="0" total="1" passed="1" failed="0" skipped="0">
  <reporter-output>
  </reporter-output>
  <suite started-at="2024-02-21T13:31:09 IST" name="Default suite" finished-at="2024-02-21T13:31:33 IST" duration-ms="23474">
    <groups>
    </groups>
    <test started-at="2024-02-21T13:31:09 IST" name="Default test" finished-at="2024-02-21T13:31:33 IST" duration-ms="23474">
      <class name="cvHomePageOEMTest">
        <test-method is-config="true" signature="initalsetup()[pri:0, instance:cvHomePageOEMTest@248e319b]" started-at="2024-02-21T13:31:10 IST" name="initalsetup" finished-at="2024-02-21T13:31:10 IST" duration-ms="17" status="PASS">
          <reporter-output>
          </reporter-output>
        </test-method> <!-- initalsetup -->
        <test-method is-config="true" signature="launchBrowser()[pri:0, instance:cvHomePageOEMTest@248e319b]" started-at="2024-02-21T13:31:10 IST" name="launchBrowser" finished-at="2024-02-21T13:31:16 IST" duration-ms="6576" status="PASS">
          <reporter-output>
          </reporter-output>
        </test-method> <!-- launchBrowser -->
        <test-method signature="cvMainPage()[pri:0, instance:cvHomePageOEMTest@248e319b]" started-at="2024-02-21T13:31:16 IST" name="cvMainPage" finished-at="2024-02-21T13:31:33 IST" duration-ms="16820" status="PASS">
          <reporter-output>
          </reporter-output>
        </test-method> <!-- cvMainPage -->
      </class> <!-- cvHomePageOEMTest -->
    </test> <!-- Default test -->
  </suite> <!-- Default suite -->
</testng-results>
